145401 execve("/usr/bin/pkexec", ["pkexec", "pacstrap", "/mnt/new_root", "base", "linux", "linux-firmware", "linux-headers", "grub", "efibootmgr", "networkmanager", "iwd", "plasma", "sddm", "sudo", "dolphin", "konsole", "bluez", "mesa", "kate"], ["SHELL=/usr/bin/zsh", "SESSION_MANAGER=local/DelphinOS:"..., "XDG_CONFIG_DIRS=/home/lena/.conf"..., "XDG_SESSION_PATH=/org/freedeskto"..., "XDG_MENU_PREFIX=plasma-", "ICEAUTHORITY=/run/user/1000/icea"..., "LANGUAGE=pt_BR", "LC_ADDRESS=pt_BR.UTF-8", "LC_NAME=pt_BR.UTF-8", "MEMORY_PRESSURE_WRITE=c29tZSAyMD"..., "DESKTOP_SESSION=plasmax11", "LC_MONETARY=pt_BR.UTF-8", "GTK_RC_FILES=/etc/gtk/gtkrc:/hom"..., "GTK_MODULES=canberra-gtk-module", "XDG_SEAT=seat0", "PWD=/home/lena/Projects/delphino"..., "LOGNAME=lena", "XDG_SESSION_DESKTOP=KDE", "XDG_SESSION_TYPE=x11", "SYSTEMD_EXEC_PID=1030", "XAUTHORITY=/tmp/xauth_hvRBYw", "MOTD_SHOWN=pam", "GTK2_RC_FILES=/etc/gtk-2.0/gtkrc"..., "HOME=/home/lena", "LANG=pt_BR.UTF-8", "LC_PAPER=pt_BR.UTF-8", "XDG_CURRENT_DESKTOP=KDE", "MEMORY_PRESSURE_WATCH=/sys/fs/cg"..., "XDG_SEAT_PATH=/org/freedesktop/D"..., "INVOCATION_ID=af7f01b8f0744ad88e"..., "MANAGERPID=838", "KDE_SESSION_UID=1000", "XDG_SESSION_CLASS=user", "USER=lena", "QT_WAYLAND_RECONNECT=1", "KDE_SESSION_VERSION=6", "PAM_KWALLET5_LOGIN=/run/user/100"..., "DISPLAY=:0", "SHLVL=2", "LC_TELEPHONE=pt_BR.UTF-8", "LC_MEASUREMENT=pt_BR.UTF-8", "XDG_VTNR=2", "XDG_SESSION_ID=2", "XDG_RUNTIME_DIR=/run/user/1000", "DEBUGINFOD_URLS=https://debuginf"..., "LC_TIME=pt_BR.UTF-8", "QT_AUTO_SCREEN_SCALE_FACTOR=0", "JOURNAL_STREAM=9:11821", "XDG_DATA_DIRS=/home/lena/.local/"..., "KDE_FULL_SESSION=true", "PATH=/usr/local/sbin:/usr/local/"..., "DBUS_SESSION_BUS_ADDRESS=unix:pa"..., "KDE_APPLICATIONS_AS_SCOPE=1", "MAIL=/var/spool/mail/lena", "LC_NUMERIC=pt_BR.UTF-8", "OLDPWD=/home/lena/Projects/delph"..., "_=/usr/bin/strace", "CHROME_DESKTOP=code.desktop", "ORIGINAL_XDG_CURRENT_DESKTOP=KDE", "GDK_BACKEND=x11", "NO_AT_BRIDGE=1", "TERM_PROGRAM=vscode", "TERM_PROGRAM_VERSION=1.97.2", "COLORTERM=truecolor", "GIT_ASKPASS=/opt/visual-studio-c"..., "VSCODE_GIT_ASKPASS_NODE=/opt/vis"..., "VSCODE_GIT_ASKPASS_EXTRA_ARGS=", "VSCODE_GIT_ASKPASS_MAIN=/opt/vis"..., "VSCODE_GIT_IPC_HANDLE=/run/user/"..., "VSCODE_INJECTION=1", "ZDOTDIR=/home/lena", "USER_ZDOTDIR=/home/lena", "TERM=xterm-256color", "EDITOR=vi", "PAGER=less", "LS_COLORS=rs=0:di=01;34:ln=01;36"..., "LESS_TERMCAP_mb=\33[01;31m", "LESS_TERMCAP_md=\33[01;31m", "LESS_TERMCAP_me=\33[0m", "LESS_TERMCAP_se=\33[0m", "LESS_TERMCAP_so=\33[01;44;33m", "LESS_TERMCAP_ue=\33[0m", "LESS_TERMCAP_us=\33[01;32m"]) = 0
145401 brk(NULL)                        = 0x60c5b6cba000
145401 fcntl(0, F_GETFD)                = 0
145401 fcntl(1, F_GETFD)                = 0
145401 fcntl(2, F_GETFD)                = 0
145401 access("/etc/ld.so.preload", R_OK) = -1 ENOENT (Arquivo ou diretório inexistente)
145401 openat(AT_FDCWD, "/etc/ld.so.cache", O_RDONLY|O_CLOEXEC) = 3
145401 fstat(3, {st_dev=makedev(0x103, 0x7), st_ino=525736, st_mode=S_IFREG|0644, st_nlink=1, st_uid=0, st_gid=0, st_blksize=4096, st_blocks=360, st_size=182651, st_atime=1741556286 /* 2025-03-09T18:38:06.496402559-0300 */, st_atime_nsec=496402559, st_mtime=1741556286 /* 2025-03-09T18:38:06.454401784-0300 */, st_mtime_nsec=454401784, st_ctime=1741556286 /* 2025-03-09T18:38:06.455401802-0300 */, st_ctime_nsec=455401802}) = 0
145401 mmap(NULL, 182651, PROT_READ, MAP_PRIVATE, 3, 0) = 0x758bcb896000
145401 close(3)                         = 0
145401 openat(AT_FDCWD, "/usr/lib/libpolkit-agent-1.so.0", O_RDONLY|O_CLOEXEC) = 3
145401 read(3, "\177ELF\2\1\1\0\0\0\0\0\0\0\0\0\3\0>\0\1\0\0\0\0\0\0\0\0\0\0\0"..., 832) = 832
145401 fstat(3, {st_dev=makedev(0x103, 0x7), st_ino=690577, st_mode=S_IFREG|0755, st_nlink=1, st_uid=0, st_gid=0, st_blksize=4096, st_blocks=96, st_size=47056, st_atime=1741551766 /* 2025-03-09T17:22:46.848333903-0300 */, st_atime_nsec=848333903, st_mtime=1736930192 /* 2025-01-15T05:36:32-0300 */, st_mtime_nsec=0, st_ctime=1740257675 /* 2025-02-22T17:54:35.127746241-0300 */, st_ctime_nsec=127746241}) = 0
145401 mmap(NULL, 8192, PROT_READ|PROT_WRITE, MAP_PRIVATE|MAP_ANONYMOUS, -1, 0) = 0x758bcb894000
145401 mmap(NULL, 45160, PROT_READ, MAP_PRIVATE|MAP_DENYWRITE, 3, 0) = 0x758bcb888000
145401 mmap(0x758bcb88c000, 16384, PROT_READ|PROT_EXEC, MAP_PRIVATE|MAP_FIXED|MAP_DENYWRITE, 3, 0x4000) = 0x758bcb88c000
145401 mmap(0x758bcb890000, 8192, PROT_READ, MAP_PRIVATE|MAP_FIXED|MAP_DENYWRITE, 3, 0x8000) = 0x758bcb890000
145401 mmap(0x758bcb892000, 8192, PROT_READ|PROT_WRITE, MAP_PRIVATE|MAP_FIXED|MAP_DENYWRITE, 3, 0xa000) = 0x758bcb892000
145401 close(3)                         = 0
145401 openat(AT_FDCWD, "/usr/lib/libpolkit-gobject-1.so.0", O_RDONLY|O_CLOEXEC) = 3
145401 read(3, "\177ELF\2\1\1\0\0\0\0\0\0\0\0\0\3\0>\0\1\0\0\0\0\0\0\0\0\0\0\0"..., 832) = 832
145401 fstat(3, {st_dev=makedev(0x103, 0x7), st_ino=690580, st_mode=S_IFREG|0755, st_nlink=1, st_uid=0, st_gid=0, st_blksize=4096, st_blocks=256, st_size=128976, st_atime=1741546314 /* 2025-03-09T15:51:54.054073620-0300 */, st_atime_nsec=54073620, st_mtime=1736930192 /* 2025-01-15T05:36:32-0300 */, st_mtime_nsec=0, st_ctime=1740257675 /* 2025-02-22T17:54:35.127746241-0300 */, st_ctime_nsec=127746241}) = 0
145401 mmap(NULL, 127368, PROT_READ, MAP_PRIVATE|MAP_DENYWRITE, 3, 0) = 0x758bcb868000
145401 mmap(0x758bcb870000, 57344, PROT_READ|PROT_EXEC, MAP_PRIVATE|MAP_FIXED|MAP_DENYWRITE, 3, 0x8000) = 0x758bcb870000
145401 mmap(0x758bcb87e000, 32768, PROT_READ, MAP_PRIVATE|MAP_FIXED|MAP_DENYWRITE, 3, 0x16000) = 0x758bcb87e000
145401 mmap(0x758bcb886000, 8192, PROT_READ|PROT_WRITE, MAP_PRIVATE|MAP_FIXED|MAP_DENYWRITE, 3, 0x1e000) = 0x758bcb886000
145401 close(3)                         = 0
145401 openat(AT_FDCWD, "/usr/lib/libpam.so.0", O_RDONLY|O_CLOEXEC) = 3
145401 read(3, "\177ELF\2\1\1\0\0\0\0\0\0\0\0\0\3\0>\0\1\0\0\0\0\0\0\0\0\0\0\0"..., 832) = 832
145401 fstat(3, {st_dev=makedev(0x103, 0x7), st_ino=671639, st_mode=S_IFREG|0755, st_nlink=1, st_uid=0, st_gid=0, st_blksize=4096, st_blocks=136, st_size=67608, st_atime=1741478188 /* 2025-03-08T20:56:28.095149702-0300 */, st_atime_nsec=95149702, st_mtime=1738926495 /* 2025-02-07T08:08:15-0300 */, st_mtime_nsec=0, st_ctime=1740257669 /* 2025-02-22T17:54:29.777722050-0300 */, st_ctime_nsec=777722050}) = 0
145401 mmap(NULL, 65560, PROT_READ, MAP_PRIVATE|MAP_DENYWRITE, 3, 0) = 0x758bcb857000
145401 mmap(0x758bcb85a000, 36864, PROT_READ|PROT_EXEC, MAP_PRIVATE|MAP_FIXED|MAP_DENYWRITE, 3, 0x3000) = 0x758bcb85a000
145401 mmap(0x758bcb863000, 12288, PROT_READ, MAP_PRIVATE|MAP_FIXED|MAP_DENYWRITE, 3, 0xc000) = 0x758bcb863000
145401 mmap(0x758bcb866000, 8192, PROT_READ|PROT_WRITE, MAP_PRIVATE|MAP_FIXED|MAP_DENYWRITE, 3, 0xf000) = 0x758bcb866000
145401 close(3)                         = 0
145401 openat(AT_FDCWD, "/usr/lib/libgobject-2.0.so.0", O_RDONLY|O_CLOEXEC) = 3
145401 read(3, "\177ELF\2\1\1\0\0\0\0\0\0\0\0\0\3\0>\0\1\0\0\0\0\0\0\0\0\0\0\0"..., 832) = 832
145401 fstat(3, {st_dev=makedev(0x103, 0x7), st_ino=678216, st_mode=S_IFREG|0755, st_nlink=1, st_uid=0, st_gid=0, st_blksize=4096, st_blocks=768, st_size=391280, st_atime=1741473605 /* 2025-03-08T19:40:05.105533719-0300 */, st_atime_nsec=105533719, st_mtime=1740075967 /* 2025-02-20T15:26:07-0300 */, st_mtime_nsec=0, st_ctime=1740257670 /* 2025-02-22T17:54:30.597725772-0300 */, st_ctime_nsec=597725772}) = 0
145401 mmap(NULL, 392248, PROT_READ, MAP_PRIVATE|MAP_DENYWRITE, 3, 0) = 0x758bcb7f7000
145401 mmap(0x758bcb803000, 229376, PROT_READ|PROT_EXEC, MAP_PRIVATE|MAP_FIXED|MAP_DENYWRITE, 3, 0xc000) = 0x758bcb803000
145401 mmap(0x758bcb83b000, 98304, PROT_READ, MAP_PRIVATE|MAP_FIXED|MAP_DENYWRITE, 3, 0x44000) = 0x758bcb83b000
145401 mmap(0x758bcb853000, 16384, PROT_READ|PROT_WRITE, MAP_PRIVATE|MAP_FIXED|MAP_DENYWRITE, 3, 0x5c000) = 0x758bcb853000
145401 close(3)                         = 0
145401 openat(AT_FDCWD, "/usr/lib/libglib-2.0.so.0", O_RDONLY|O_CLOEXEC) = 3
145401 read(3, "\177ELF\2\1\1\0\0\0\0\0\0\0\0\0\3\0>\0\1\0\0\0\0\0\0\0\0\0\0\0"..., 832) = 832
145401 fstat(3, {st_dev=makedev(0x103, 0x7), st_ino=678208, st_mode=S_IFREG|0755, st_nlink=1, st_uid=0, st_gid=0, st_blksize=4096, st_blocks=2680, st_size=1371488, st_atime=1741473605 /* 2025-03-08T19:40:05.105533719-0300 */, st_atime_nsec=105533719, st_mtime=1740075967 /* 2025-02-20T15:26:07-0300 */, st_mtime_nsec=0, st_ctime=1740257670 /* 2025-02-22T17:54:30.594392424-0300 */, st_ctime_nsec=594392424}) = 0
145401 mmap(NULL, 1372744, PROT_READ, MAP_PRIVATE|MAP_DENYWRITE, 3, 0) = 0x758bcb6a7000
145401 mmap(0x758bcb6c5000, 679936, PROT_READ|PROT_EXEC, MAP_PRIVATE|MAP_FIXED|MAP_DENYWRITE, 3, 0x1e000) = 0x758bcb6c5000
145401 mmap(0x758bcb76b000, 561152, PROT_READ, MAP_PRIVATE|MAP_FIXED|MAP_DENYWRITE, 3, 0xc4000) = 0x758bcb76b000
145401 mmap(0x758bcb7f4000, 8192, PROT_READ|PROT_WRITE, MAP_PRIVATE|MAP_FIXED|MAP_DENYWRITE, 3, 0x14d000) = 0x758bcb7f4000
145401 mmap(0x758bcb7f6000, 584, PROT_READ|PROT_WRITE, MAP_PRIVATE|MAP_FIXED|MAP_ANONYMOUS, -1, 0) = 0x758bcb7f6000
145401 close(3)                         = 0
145401 openat(AT_FDCWD, "/usr/lib/libc.so.6", O_RDONLY|O_CLOEXEC) = 3
145401 read(3, "\177ELF\2\1\1\3\0\0\0\0\0\0\0\0\3\0>\0\1\0\0\0`v\2\0\0\0\0\0"..., 832) = 832
145401 pread64(3, "\6\0\0\0\4\0\0\0@\0\0\0\0\0\0\0@\0\0\0\0\0\0\0@\0\0\0\0\0\0\0"..., 840, 64) = 840
145401 fstat(3, {st_dev=makedev(0x103, 0x7), st_ino=658719, st_mode=S_IFREG|0755, st_nlink=1, st_uid=0, st_gid=0, st_blksize=4096, st_blocks=3936, st_size=2014520, st_atime=1741557756 /* 2025-03-09T19:02:36.718509397-0300 */, st_atime_nsec=718509397, st_mtime=1740040717 /* 2025-02-20T05:38:37-0300 */, st_mtime_nsec=0, st_ctime=1740257668 /* 2025-02-22T17:54:28.531049711-0300 */, st_ctime_nsec=531049711}) = 0
145401 pread64(3, "\6\0\0\0\4\0\0\0@\0\0\0\0\0\0\0@\0\0\0\0\0\0\0@\0\0\0\0\0\0\0"..., 840, 64) = 840
145401 mmap(NULL, 2038904, PROT_READ, MAP_PRIVATE|MAP_DENYWRITE, 3, 0) = 0x758bcb4b5000
145401 mmap(0x758bcb4d9000, 1511424, PROT_READ|PROT_EXEC, MAP_PRIVATE|MAP_FIXED|MAP_DENYWRITE, 3, 0x24000) = 0x758bcb4d9000
145401 mmap(0x758bcb64a000, 323584, PROT_READ, MAP_PRIVATE|MAP_FIXED|MAP_DENYWRITE, 3, 0x195000) = 0x758bcb64a000
145401 mmap(0x758bcb699000, 24576, PROT_READ|PROT_WRITE, MAP_PRIVATE|MAP_FIXED|MAP_DENYWRITE, 3, 0x1e3000) = 0x758bcb699000
145401 mmap(0x758bcb69f000, 31864, PROT_READ|PROT_WRITE, MAP_PRIVATE|MAP_FIXED|MAP_ANONYMOUS, -1, 0) = 0x758bcb69f000
145401 close(3)                         = 0
145401 openat(AT_FDCWD, "/usr/lib/libgio-2.0.so.0", O_RDONLY|O_CLOEXEC) = 3
145401 read(3, "\177ELF\2\1\1\0\0\0\0\0\0\0\0\0\3\0>\0\1\0\0\0\0\0\0\0\0\0\0\0"..., 832) = 832
145401 fstat(3, {st_dev=makedev(0x103, 0x7), st_ino=678200, st_mode=S_IFREG|0755, st_nlink=1, st_uid=0, st_gid=0, st_blksize=4096, st_blocks=3688, st_size=1887520, st_atime=1741473605 /* 2025-03-08T19:40:05.105533719-0300 */, st_atime_nsec=105533719, st_mtime=1740075967 /* 2025-02-20T15:26:07-0300 */, st_mtime_nsec=0, st_ctime=1740257670 /* 2025-02-22T17:54:30.587725726-0300 */, st_ctime_nsec=587725726}) = 0
145401 mmap(NULL, 8192, PROT_READ|PROT_WRITE, MAP_PRIVATE|MAP_ANONYMOUS, -1, 0) = 0x758bcb4b3000
145401 mmap(NULL, 1893416, PROT_READ, MAP_PRIVATE|MAP_DENYWRITE, 3, 0) = 0x758bcb2e4000
145401 mmap(0x758bcb316000, 1163264, PROT_READ|PROT_EXEC, MAP_PRIVATE|MAP_FIXED|MAP_DENYWRITE, 3, 0x32000) = 0x758bcb316000
145401 mmap(0x758bcb432000, 479232, PROT_READ, MAP_PRIVATE|MAP_FIXED|MAP_DENYWRITE, 3, 0x14e000) = 0x758bcb432000
145401 mmap(0x758bcb4a7000, 40960, PROT_READ|PROT_WRITE, MAP_PRIVATE|MAP_FIXED|MAP_DENYWRITE, 3, 0x1c3000) = 0x758bcb4a7000
145401 mmap(0x758bcb4b1000, 5160, PROT_READ|PROT_WRITE, MAP_PRIVATE|MAP_FIXED|MAP_ANONYMOUS, -1, 0) = 0x758bcb4b1000
145401 close(3)                         = 0
145401 openat(AT_FDCWD, "/usr/lib/libsystemd.so.0", O_RDONLY|O_CLOEXEC) = 3
145401 read(3, "\177ELF\2\1\1\0\0\0\0\0\0\0\0\0\3\0>\0\1\0\0\0\0\0\0\0\0\0\0\0"..., 832) = 832
145401 fstat(3, {st_dev=makedev(0x103, 0x7), st_ino=670827, st_mode=S_IFREG|0755, st_nlink=1, st_uid=0, st_gid=0, st_blksize=4096, st_blocks=2320, st_size=1185096, st_atime=1741473605 /* 2025-03-08T19:40:05.108533744-0300 */, st_atime_nsec=108533744, st_mtime=1739473766 /* 2025-02-13T16:09:26-0300 */, st_mtime_nsec=0, st_ctime=1740257669 /* 2025-02-22T17:54:29.727721822-0300 */, st_ctime_nsec=727721822}) = 0
145401 mmap(NULL, 1190152, PROT_READ, MAP_PRIVATE|MAP_DENYWRITE, 3, 0) = 0x758bcb1c1000
145401 mmap(0x758bcb1d5000, 786432, PROT_READ|PROT_EXEC, MAP_PRIVATE|MAP_FIXED|MAP_DENYWRITE, 3, 0x14000) = 0x758bcb1d5000
145401 mmap(0x758bcb295000, 262144, PROT_READ, MAP_PRIVATE|MAP_FIXED|MAP_DENYWRITE, 3, 0xd4000) = 0x758bcb295000
145401 mmap(0x758bcb2d5000, 57344, PROT_READ|PROT_WRITE, MAP_PRIVATE|MAP_FIXED|MAP_DENYWRITE, 3, 0x113000) = 0x758bcb2d5000
145401 mmap(0x758bcb2e3000, 2312, PROT_READ|PROT_WRITE, MAP_PRIVATE|MAP_FIXED|MAP_ANONYMOUS, -1, 0) = 0x758bcb2e3000
145401 close(3)                         = 0
145401 openat(AT_FDCWD, "/usr/lib/libaudit.so.1", O_RDONLY|O_CLOEXEC) = 3
145401 read(3, "\177ELF\2\1\1\0\0\0\0\0\0\0\0\0\3\0>\0\1\0\0\0\0\0\0\0\0\0\0\0"..., 832) = 832
145401 fstat(3, {st_dev=makedev(0x103, 0x7), st_ino=670058, st_mode=S_IFREG|0755, st_nlink=1, st_uid=0, st_gid=0, st_blksize=4096, st_blocks=264, st_size=133072, st_atime=1741476094 /* 2025-03-08T20:21:34.708202219-0300 */, st_atime_nsec=708202219, st_mtime=1736676220 /* 2025-01-12T07:03:40-0300 */, st_mtime_nsec=0, st_ctime=1740257669 /* 2025-02-22T17:54:29.647721459-0300 */, st_ctime_nsec=647721459}) = 0
145401 mmap(NULL, 184496, PROT_READ, MAP_PRIVATE|MAP_DENYWRITE, 3, 0) = 0x758bcb193000
145401 mmap(0x758bcb196000, 45056, PROT_READ|PROT_EXEC, MAP_PRIVATE|MAP_FIXED|MAP_DENYWRITE, 3, 0x3000) = 0x758bcb196000
145401 mmap(0x758bcb1a1000, 73728, PROT_READ, MAP_PRIVATE|MAP_FIXED|MAP_DENYWRITE, 3, 0xe000) = 0x758bcb1a1000
145401 mmap(0x758bcb1b3000, 8192, PROT_READ|PROT_WRITE, MAP_PRIVATE|MAP_FIXED|MAP_DENYWRITE, 3, 0x1f000) = 0x758bcb1b3000
145401 mmap(0x758bcb1b5000, 45232, PROT_READ|PROT_WRITE, MAP_PRIVATE|MAP_FIXED|MAP_ANONYMOUS, -1, 0) = 0x758bcb1b5000
145401 close(3)                         = 0
145401 openat(AT_FDCWD, "/usr/lib/libffi.so.8", O_RDONLY|O_CLOEXEC) = 3
145401 read(3, "\177ELF\2\1\1\0\0\0\0\0\0\0\0\0\3\0>\0\1\0\0\0\0\0\0\0\0\0\0\0"..., 832) = 832
145401 fstat(3, {st_dev=makedev(0x103, 0x7), st_ino=675333, st_mode=S_IFREG|0755, st_nlink=1, st_uid=0, st_gid=0, st_blksize=4096, st_blocks=88, st_size=43240, st_atime=1741473605 /* 2025-03-08T19:40:05.107533736-0300 */, st_atime_nsec=107533736, st_mtime=1739986086 /* 2025-02-19T14:28:06-0300 */, st_mtime_nsec=0, st_ctime=1740257670 /* 2025-02-22T17:54:30.274390971-0300 */, st_ctime_nsec=274390971}) = 0
145401 mmap(NULL, 42256, PROT_READ, MAP_PRIVATE|MAP_DENYWRITE, 3, 0) = 0x758bcb188000
145401 mmap(0x758bcb18a000, 24576, PROT_READ|PROT_EXEC, MAP_PRIVATE|MAP_FIXED|MAP_DENYWRITE, 3, 0x2000) = 0x758bcb18a000
145401 mmap(0x758bcb190000, 4096, PROT_READ, MAP_PRIVATE|MAP_FIXED|MAP_DENYWRITE, 3, 0x8000) = 0x758bcb190000
145401 mmap(0x758bcb191000, 8192, PROT_READ|PROT_WRITE, MAP_PRIVATE|MAP_FIXED|MAP_DENYWRITE, 3, 0x9000) = 0x758bcb191000
145401 close(3)                         = 0
145401 openat(AT_FDCWD, "/usr/lib/libpcre2-8.so.0", O_RDONLY|O_CLOEXEC) = 3
145401 read(3, "\177ELF\2\1\1\0\0\0\0\0\0\0\0\0\3\0>\0\1\0\0\0\0\0\0\0\0\0\0\0"..., 832) = 832
145401 fstat(3, {st_dev=makedev(0x103, 0x7), st_ino=672823, st_mode=S_IFREG|0755, st_nlink=1, st_uid=0, st_gid=0, st_blksize=4096, st_blocks=1368, st_size=698584, st_atime=1741552629 /* 2025-03-09T17:37:09.665130234-0300 */, st_atime_nsec=665130234, st_mtime=1740229719 /* 2025-02-22T10:08:39-0300 */, st_mtime_nsec=0, st_ctime=1740588047 /* 2025-02-26T13:40:47.512112791-0300 */, st_ctime_nsec=512112791}) = 0
145401 mmap(NULL, 700920, PROT_READ, MAP_PRIVATE|MAP_DENYWRITE, 3, 0) = 0x758bcb0dc000
145401 mmap(0x758bcb0de000, 512000, PROT_READ|PROT_EXEC, MAP_PRIVATE|MAP_FIXED|MAP_DENYWRITE, 3, 0x2000) = 0x758bcb0de000
145401 mmap(0x758bcb15b000, 176128, PROT_READ, MAP_PRIVATE|MAP_FIXED|MAP_DENYWRITE, 3, 0x7f000) = 0x758bcb15b000
145401 mmap(0x758bcb186000, 8192, PROT_READ|PROT_WRITE, MAP_PRIVATE|MAP_FIXED|MAP_DENYWRITE, 3, 0xa9000) = 0x758bcb186000
145401 close(3)                         = 0
145401 openat(AT_FDCWD, "/usr/lib/libgmodule-2.0.so.0", O_RDONLY|O_CLOEXEC) = 3
145401 read(3, "\177ELF\2\1\1\0\0\0\0\0\0\0\0\0\3\0>\0\1\0\0\0\0\0\0\0\0\0\0\0"..., 832) = 832
145401 fstat(3, {st_dev=makedev(0x103, 0x7), st_ino=678212, st_mode=S_IFREG|0755, st_nlink=1, st_uid=0, st_gid=0, st_blksize=4096, st_blocks=48, st_size=22464, st_atime=1741473605 /* 2025-03-08T19:40:05.105533719-0300 */, st_atime_nsec=105533719, st_mtime=1740075967 /* 2025-02-20T15:26:07-0300 */, st_mtime_nsec=0, st_ctime=1740257670 /* 2025-02-22T17:54:30.597725772-0300 */, st_ctime_nsec=597725772}) = 0
145401 mmap(NULL, 8192, PROT_READ|PROT_WRITE, MAP_PRIVATE|MAP_ANONYMOUS, -1, 0) = 0x758bcb0da000
145401 mmap(NULL, 24712, PROT_READ, MAP_PRIVATE|MAP_DENYWRITE, 3, 0) = 0x758bcb0d3000
145401 mmap(0x758bcb0d5000, 8192, PROT_READ|PROT_EXEC, MAP_PRIVATE|MAP_FIXED|MAP_DENYWRITE, 3, 0x2000) = 0x758bcb0d5000
145401 mmap(0x758bcb0d7000, 4096, PROT_READ, MAP_PRIVATE|MAP_FIXED|MAP_DENYWRITE, 3, 0x4000) = 0x758bcb0d7000
145401 mmap(0x758bcb0d8000, 8192, PROT_READ|PROT_WRITE, MAP_PRIVATE|MAP_FIXED|MAP_DENYWRITE, 3, 0x4000) = 0x758bcb0d8000
145401 close(3)                         = 0
145401 openat(AT_FDCWD, "/usr/lib/libz.so.1", O_RDONLY|O_CLOEXEC) = 3
145401 read(3, "\177ELF\2\1\1\0\0\0\0\0\0\0\0\0\3\0>\0\1\0\0\0\0\0\0\0\0\0\0\0"..., 832) = 832
145401 fstat(3, {st_dev=makedev(0x103, 0x7), st_ino=662796, st_mode=S_IFREG|0755, st_nlink=1, st_uid=0, st_gid=0, st_blksize=4096, st_blocks=200, st_size=100368, st_atime=1741473605 /* 2025-03-08T19:40:05.107533736-0300 */, st_atime_nsec=107533736, st_mtime=1714636031 /* 2024-05-02T04:47:11-0300 */, st_mtime_nsec=0, st_ctime=1740257669 /* 2025-02-22T17:54:29.174385973-0300 */, st_ctime_nsec=174385973}) = 0
145401 mmap(NULL, 98320, PROT_READ, MAP_PRIVATE|MAP_DENYWRITE, 3, 0) = 0x758bcb0ba000
145401 mmap(0x758bcb0bd000, 57344, PROT_READ|PROT_EXEC, MAP_PRIVATE|MAP_FIXED|MAP_DENYWRITE, 3, 0x3000) = 0x758bcb0bd000
145401 mmap(0x758bcb0cb000, 24576, PROT_READ, MAP_PRIVATE|MAP_FIXED|MAP_DENYWRITE, 3, 0x11000) = 0x758bcb0cb000
145401 mmap(0x758bcb0d1000, 8192, PROT_READ|PROT_WRITE, MAP_PRIVATE|MAP_FIXED|MAP_DENYWRITE, 3, 0x17000) = 0x758bcb0d1000
145401 close(3)                         = 0
145401 openat(AT_FDCWD, "/usr/lib/libmount.so.1", O_RDONLY|O_CLOEXEC) = 3
145401 read(3, "\177ELF\2\1\1\0\0\0\0\0\0\0\0\0\3\0>\0\1\0\0\0\0\0\0\0\0\0\0\0"..., 832) = 832
145401 fstat(3, {st_dev=makedev(0x103, 0x7), st_ino=662847, st_mode=S_IFREG|0755, st_nlink=1, st_uid=0, st_gid=0, st_blksize=4096, st_blocks=640, st_size=326192, st_atime=1741557769 /* 2025-03-09T19:02:49.617382919-0300 */, st_atime_nsec=617382919, st_mtime=1736798567 /* 2025-01-13T17:02:47-0300 */, st_mtime_nsec=0, st_ctime=1740257669 /* 2025-02-22T17:54:29.207719458-0300 */, st_ctime_nsec=207719458}) = 0
145401 mmap(NULL, 324144, PROT_READ, MAP_PRIVATE|MAP_DENYWRITE, 3, 0) = 0x758bcb06a000
145401 mmap(0x758bcb073000, 225280, PROT_READ|PROT_EXEC, MAP_PRIVATE|MAP_FIXED|MAP_DENYWRITE, 3, 0x9000) = 0x758bcb073000
145401 mmap(0x758bcb0aa000, 53248, PROT_READ, MAP_PRIVATE|MAP_FIXED|MAP_DENYWRITE, 3, 0x40000) = 0x758bcb0aa000
145401 mmap(0x758bcb0b7000, 12288, PROT_READ|PROT_WRITE, MAP_PRIVATE|MAP_FIXED|MAP_DENYWRITE, 3, 0x4d000) = 0x758bcb0b7000
145401 close(3)                         = 0
145401 openat(AT_FDCWD, "/usr/lib/libcap.so.2", O_RDONLY|O_CLOEXEC) = 3
145401 read(3, "\177ELF\2\1\1\0\0\0\0\0\0\0\0\0\3\0>\0\1\0\0\0 |\0\0\0\0\0\0"..., 832) = 832
145401 fstat(3, {st_dev=makedev(0x103, 0x7), st_ino=672122, st_mode=S_IFREG|0755, st_nlink=1, st_uid=0, st_gid=0, st_blksize=4096, st_blocks=88, st_size=43064, st_atime=1741557756 /* 2025-03-09T19:02:36.725509328-0300 */, st_atime_nsec=725509328, st_mtime=1729942909 /* 2024-10-26T08:41:49-0300 */, st_mtime_nsec=0, st_ctime=1740257669 /* 2025-02-22T17:54:29.811055534-0300 */, st_ctime_nsec=811055534}) = 0
145401 mmap(NULL, 45128, PROT_READ, MAP_PRIVATE|MAP_DENYWRITE, 3, 0) = 0x758bcb05e000
145401 mmap(0x758bcb061000, 20480, PROT_READ|PROT_EXEC, MAP_PRIVATE|MAP_FIXED|MAP_DENYWRITE, 3, 0x3000) = 0x758bcb061000
145401 mmap(0x758bcb066000, 8192, PROT_READ, MAP_PRIVATE|MAP_FIXED|MAP_DENYWRITE, 3, 0x8000) = 0x758bcb066000
145401 mmap(0x758bcb068000, 8192, PROT_READ|PROT_WRITE, MAP_PRIVATE|MAP_FIXED|MAP_DENYWRITE, 3, 0x9000) = 0x758bcb068000
145401 close(3)                         = 0
145401 openat(AT_FDCWD, "/usr/lib/libm.so.6", O_RDONLY|O_CLOEXEC) = 3
145401 read(3, "\177ELF\2\1\1\3\0\0\0\0\0\0\0\0\3\0>\0\1\0\0\0\0\0\0\0\0\0\0\0"..., 832) = 832
145401 fstat(3, {st_dev=makedev(0x103, 0x7), st_ino=658729, st_mode=S_IFREG|0755, st_nlink=1, st_uid=0, st_gid=0, st_blksize=4096, st_blocks=1976, st_size=1010008, st_atime=1741557756 /* 2025-03-09T19:02:36.725509328-0300 */, st_atime_nsec=725509328, st_mtime=1740040717 /* 2025-02-20T05:38:37-0300 */, st_mtime_nsec=0, st_ctime=1740257668 /* 2025-02-22T17:54:28.537716409-0300 */, st_ctime_nsec=537716409}) = 0
145401 mmap(NULL, 1012040, PROT_READ, MAP_PRIVATE|MAP_DENYWRITE, 3, 0) = 0x758bcaf66000
145401 mmap(0x758bcaf75000, 548864, PROT_READ|PROT_EXEC, MAP_PRIVATE|MAP_FIXED|MAP_DENYWRITE, 3, 0xf000) = 0x758bcaf75000
145401 mmap(0x758bcaffb000, 397312, PROT_READ, MAP_PRIVATE|MAP_FIXED|MAP_DENYWRITE, 3, 0x95000) = 0x758bcaffb000
145401 mmap(0x758bcb05c000, 8192, PROT_READ|PROT_WRITE, MAP_PRIVATE|MAP_FIXED|MAP_DENYWRITE, 3, 0xf5000) = 0x758bcb05c000
145401 close(3)                         = 0
145401 openat(AT_FDCWD, "/usr/lib/libgcc_s.so.1", O_RDONLY|O_CLOEXEC) = 3
145401 read(3, "\177ELF\2\1\1\0\0\0\0\0\0\0\0\0\3\0>\0\1\0\0\0\0\0\0\0\0\0\0\0"..., 832) = 832
145401 fstat(3, {st_dev=makedev(0x103, 0x7), st_ino=659526, st_mode=S_IFREG|0644, st_nlink=1, st_uid=0, st_gid=0, st_blksize=4096, st_blocks=1792, st_size=916136, st_atime=1741557756 /* 2025-03-09T19:02:36.725509328-0300 */, st_atime_nsec=725509328, st_mtime=1739011308 /* 2025-02-08T07:41:48-0300 */, st_mtime_nsec=0, st_ctime=1740257668 /* 2025-02-22T17:54:28.651050258-0300 */, st_ctime_nsec=651050258}) = 0
145401 mmap(NULL, 184808, PROT_READ, MAP_PRIVATE|MAP_DENYWRITE, 3, 0) = 0x758bcaf38000
145401 mmap(0x758bcaf3c000, 147456, PROT_READ|PROT_EXEC, MAP_PRIVATE|MAP_FIXED|MAP_DENYWRITE, 3, 0x4000) = 0x758bcaf3c000
145401 mmap(0x758bcaf60000, 16384, PROT_READ, MAP_PRIVATE|MAP_FIXED|MAP_DENYWRITE, 3, 0x28000) = 0x758bcaf60000
145401 mmap(0x758bcaf64000, 8192, PROT_READ|PROT_WRITE, MAP_PRIVATE|MAP_FIXED|MAP_DENYWRITE, 3, 0x2b000) = 0x758bcaf64000
145401 close(3)                         = 0
145401 mmap(NULL, 8192, PROT_READ|PROT_WRITE, MAP_PRIVATE|MAP_ANONYMOUS, -1, 0) = 0x758bcaf36000
145401 openat(AT_FDCWD, "/usr/lib/libcap-ng.so.0", O_RDONLY|O_CLOEXEC) = 3
145401 read(3, "\177ELF\2\1\1\0\0\0\0\0\0\0\0\0\3\0>\0\1\0\0\0\0\0\0\0\0\0\0\0"..., 832) = 832
145401 fstat(3, {st_dev=makedev(0x103, 0x7), st_ino=670006, st_mode=S_IFREG|0755, st_nlink=1, st_uid=0, st_gid=0, st_blksize=4096, st_blocks=56, st_size=26592, st_atime=1741476094 /* 2025-03-08T20:21:34.708202219-0300 */, st_atime_nsec=708202219, st_mtime=1732646929 /* 2024-11-26T15:48:49-0300 */, st_mtime_nsec=0, st_ctime=1740257669 /* 2025-02-22T17:54:29.641054761-0300 */, st_ctime_nsec=641054761}) = 0
145401 mmap(NULL, 28720, PROT_READ, MAP_PRIVATE|MAP_DENYWRITE, 3, 0) = 0x758bcaf2e000
145401 mmap(0x758bcaf30000, 12288, PROT_READ|PROT_EXEC, MAP_PRIVATE|MAP_FIXED|MAP_DENYWRITE, 3, 0x2000) = 0x758bcaf30000
145401 mmap(0x758bcaf33000, 4096, PROT_READ, MAP_PRIVATE|MAP_FIXED|MAP_DENYWRITE, 3, 0x5000) = 0x758bcaf33000
145401 mmap(0x758bcaf34000, 8192, PROT_READ|PROT_WRITE, MAP_PRIVATE|MAP_FIXED|MAP_DENYWRITE, 3, 0x5000) = 0x758bcaf34000
145401 close(3)                         = 0
145401 openat(AT_FDCWD, "/usr/lib/libblkid.so.1", O_RDONLY|O_CLOEXEC) = 3
145401 read(3, "\177ELF\2\1\1\0\0\0\0\0\0\0\0\0\3\0>\0\1\0\0\0\0\0\0\0\0\0\0\0"..., 832) = 832
145401 fstat(3, {st_dev=makedev(0x103, 0x7), st_ino=662838, st_mode=S_IFREG|0755, st_nlink=1, st_uid=0, st_gid=0, st_blksize=4096, st_blocks=448, st_size=228272, st_atime=1741557769 /* 2025-03-09T19:02:49.618382909-0300 */, st_atime_nsec=618382909, st_mtime=1736798567 /* 2025-01-13T17:02:47-0300 */, st_mtime_nsec=0, st_ctime=1740257669 /* 2025-02-22T17:54:29.207719458-0300 */, st_ctime_nsec=207719458}) = 0
145401 mmap(NULL, 230320, PROT_READ, MAP_PRIVATE|MAP_DENYWRITE, 3, 0) = 0x758bcaef5000
145401 mmap(0x758bcaefa000, 147456, PROT_READ|PROT_EXEC, MAP_PRIVATE|MAP_FIXED|MAP_DENYWRITE, 3, 0x5000) = 0x758bcaefa000
145401 mmap(0x758bcaf1e000, 36864, PROT_READ, MAP_PRIVATE|MAP_FIXED|MAP_DENYWRITE, 3, 0x29000) = 0x758bcaf1e000
145401 mmap(0x758bcaf27000, 28672, PROT_READ|PROT_WRITE, MAP_PRIVATE|MAP_FIXED|MAP_DENYWRITE, 3, 0x31000) = 0x758bcaf27000
145401 close(3)                         = 0
145401 mmap(NULL, 8192, PROT_READ|PROT_WRITE, MAP_PRIVATE|MAP_ANONYMOUS, -1, 0) = 0x758bcaef3000
145401 mmap(NULL, 12288, PROT_READ|PROT_WRITE, MAP_PRIVATE|MAP_ANONYMOUS, -1, 0) = 0x758bcaef0000
145401 arch_prctl(ARCH_SET_FS, 0x758bcaef0880) = 0
145401 set_tid_address(0x758bcaef0b50)  = 145401
145401 set_robust_list(0x758bcaef0b60, 24) = 0
145401 rseq(0x758bcaef06a0, 0x20, 0, 0x53053053) = 0
145401 mprotect(0x758bcb699000, 16384, PROT_READ) = 0
145401 mprotect(0x758bcaf27000, 24576, PROT_READ) = 0
145401 mprotect(0x758bcaf34000, 4096, PROT_READ) = 0
145401 mprotect(0x758bcaf64000, 4096, PROT_READ) = 0
145401 mprotect(0x758bcb05c000, 4096, PROT_READ) = 0
145401 mprotect(0x758bcb068000, 4096, PROT_READ) = 0
145401 mprotect(0x758bcb0b7000, 8192, PROT_READ) = 0
145401 mprotect(0x758bcb0d1000, 4096, PROT_READ) = 0
145401 mprotect(0x758bcb186000, 4096, PROT_READ) = 0
145401 mprotect(0x758bcb7f4000, 4096, PROT_READ) = 0
145401 mprotect(0x758bcb0d8000, 4096, PROT_READ) = 0
145401 mprotect(0x758bcb191000, 4096, PROT_READ) = 0
145401 mprotect(0x758bcb1b3000, 4096, PROT_READ) = 0
145401 mprotect(0x758bcb2d5000, 53248, PROT_READ) = 0
145401 mprotect(0x758bcb853000, 12288, PROT_READ) = 0
145401 mprotect(0x758bcb4a7000, 36864, PROT_READ) = 0
145401 mprotect(0x758bcb866000, 4096, PROT_READ) = 0
145401 mprotect(0x758bcb886000, 4096, PROT_READ) = 0
145401 mprotect(0x758bcb892000, 4096, PROT_READ) = 0
145401 mprotect(0x60c5801fa000, 4096, PROT_READ) = 0
145401 mprotect(0x758bcb8fe000, 8192, PROT_READ) = 0
145401 prlimit64(0, RLIMIT_STACK, NULL, {rlim_cur=8192*1024, rlim_max=RLIM64_INFINITY}) = 0
145401 munmap(0x758bcb896000, 182651)   = 0
145401 openat(AT_FDCWD, "/proc/sys/kernel/cap_last_cap", O_RDONLY) = 3
145401 fstatfs(3, {f_type=PROC_SUPER_MAGIC, f_bsize=4096, f_blocks=0, f_bfree=0, f_bavail=0, f_files=0, f_ffree=0, f_fsid={val=[0x16, 0]}, f_namelen=255, f_frsize=4096, f_flags=ST_VALID|ST_NOSUID|ST_NODEV|ST_NOEXEC|ST_RELATIME}) = 0
145401 read(3, "40\n", 7)               = 3
145401 close(3)                         = 0
145401 prctl(PR_CAPBSET_READ, CAP_CHOWN) = 1
145401 prctl(PR_GET_SECUREBITS)         = 0
145401 prctl(PR_GET_NO_NEW_PRIVS, 0, 0, 0, 0) = 0
145401 prctl(PR_CAP_AMBIENT, PR_CAP_AMBIENT_IS_SET, CAP_CHOWN, 0, 0) = 0
145401 prctl(PR_CAPBSET_READ, CAP_MAC_OVERRIDE) = 1
145401 prctl(PR_CAPBSET_READ, 0x30 /* CAP_??? */) = -1 EINVAL (Argumento inválido)
145401 prctl(PR_CAPBSET_READ, CAP_CHECKPOINT_RESTORE) = 1
145401 prctl(PR_CAPBSET_READ, 0x2c /* CAP_??? */) = -1 EINVAL (Argumento inválido)
145401 prctl(PR_CAPBSET_READ, 0x2a /* CAP_??? */) = -1 EINVAL (Argumento inválido)
145401 prctl(PR_CAPBSET_READ, 0x29 /* CAP_??? */) = -1 EINVAL (Argumento inválido)
145401 getrandom("\x53\x8e\xcc\x47\xa2\x7f\x80\x3a", 8, GRND_NONBLOCK) = 8
145401 brk(NULL)                        = 0x60c5b6cba000
145401 brk(0x60c5b6cdb000)              = 0x60c5b6cdb000
145401 futex(0x758bcb7f5ff8, FUTEX_WAKE_PRIVATE, 2147483647) = 0
145401 futex(0x758bcb7f5ff8, FUTEX_WAKE_PRIVATE, 2147483647) = 0
145401 geteuid()                        = 1000
145401 openat(AT_FDCWD, "/usr/lib/charset.alias", O_RDONLY) = -1 ENOENT (Arquivo ou diretório inexistente)
145401 openat(AT_FDCWD, "/usr/lib/gconv/gconv-modules.cache", O_RDONLY|O_CLOEXEC) = -1 ENOENT (Arquivo ou diretório inexistente)
145401 openat(AT_FDCWD, "/usr/lib/gconv/gconv-modules", O_RDONLY|O_CLOEXEC) = 3
145401 fstat(3, {st_dev=makedev(0x103, 0x7), st_ino=658698, st_mode=S_IFREG|0644, st_nlink=1, st_uid=0, st_gid=0, st_blksize=4096, st_blocks=8, st_size=3916, st_atime=1741475309 /* 2025-03-08T20:08:29.224123695-0300 */, st_atime_nsec=224123695, st_mtime=1740040717 /* 2025-02-20T05:38:37-0300 */, st_mtime_nsec=0, st_ctime=1740257668 /* 2025-02-22T17:54:28.514382969-0300 */, st_ctime_nsec=514382969}) = 0
145401 read(3, "# GNU libc iconv configuration.\n"..., 4096) = 3916
145401 read(3, "", 4096)                = 0
145401 close(3)                         = 0
145401 openat(AT_FDCWD, "/usr/lib/gconv/gconv-modules.d", O_RDONLY|O_NONBLOCK|O_CLOEXEC|O_DIRECTORY) = 3
145401 fstat(3, {st_dev=makedev(0x103, 0x7), st_ino=658699, st_mode=S_IFDIR|0755, st_nlink=2, st_uid=0, st_gid=0, st_blksize=4096, st_blocks=8, st_size=4096, st_atime=1741475309 /* 2025-03-08T20:08:29.224123695-0300 */, st_atime_nsec=224123695, st_mtime=1740257668 /* 2025-02-22T17:54:28.514382969-0300 */, st_mtime_nsec=514382969, st_ctime=1740257668 /* 2025-02-22T17:54:28.514382969-0300 */, st_ctime_nsec=514382969}) = 0
145401 getdents64(3, [{d_ino=658700, d_off=8231790974267031838, d_reclen=48, d_type=DT_REG, d_name="gconv-modules-extra.conf"}, {d_ino=658450, d_off=8709348491335368153, d_reclen=24, d_type=DT_DIR, d_name=".."}, {d_ino=658699, d_off=9223372036854775807, d_reclen=24, d_type=DT_DIR, d_name="."}], 32768) = 96
145401 openat(AT_FDCWD, "/usr/lib/gconv/gconv-modules.d/gconv-modules-extra.conf", O_RDONLY|O_CLOEXEC) = 4
145401 fstat(4, {st_dev=makedev(0x103, 0x7), st_ino=658700, st_mode=S_IFREG|0644, st_nlink=1, st_uid=0, st_gid=0, st_blksize=4096, st_blocks=112, st_size=53974, st_atime=1741475309 /* 2025-03-08T20:08:29.224123695-0300 */, st_atime_nsec=224123695, st_mtime=1740040717 /* 2025-02-20T05:38:37-0300 */, st_mtime_nsec=0, st_ctime=1740257668 /* 2025-02-22T17:54:28.514382969-0300 */, st_ctime_nsec=514382969}) = 0
145401 read(4, "# GNU libc iconv configuration.\n"..., 4096) = 4096
145401 read(4, "B1002//\tJUS_I.B1.002//\nmodule\tJU"..., 4096) = 4096
145401 read(4, "59-5//\nalias\tISO_8859-5//\t\tISO-8"..., 4096) = 4096
145401 read(4, "59-16//\t\tINTERNAL\t\tISO8859-16\t1\n"..., 4096) = 4096
145401 read(4, "-SE-A\t1\nmodule\tINTERNAL\t\tEBCDIC-"..., 4096) = 4096
145401 brk(0x60c5b6cfc000)              = 0x60c5b6cfc000
145401 read(4, "97\t\t1\n\n#\tfrom\t\t\tto\t\t\tmodule\t\tcos"..., 4096) = 4096
145401 read(4, "1\n\n#\tfrom\t\t\tto\t\t\tmodule\t\tcost\nal"..., 4096) = 4096
145401 read(4, "6//\t\tIBM1046//\nalias\tCP1046//\t\tI"..., 4096) = 4096
145401 read(4, "\tto\t\t\tmodule\t\tcost\nalias\tRUSCII/"..., 4096) = 4096
145401 read(4, "03//\nmodule\tCSN_369103//\t\tINTERN"..., 4096) = 4096
145401 read(4, "\tmodule\t\tcost\nalias\tISO-IR-8-1//"..., 4096) = 4096
145401 read(4, "IBM1156\t\t1\n\n#\tfrom\t\t\tto\t\t\tmodule"..., 4096) = 4096
145401 read(4, "\t\tIBM1166//\nalias\tCP1166//\t\tIBM1"..., 4096) = 4096
145401 read(4, "alias\tROMAN9//\t\tHP-ROMAN9//\nalia"..., 4096) = 726
145401 read(4, "", 4096)                = 0
145401 close(4)                         = 0
145401 getdents64(3, [], 32768)         = 0
145401 close(3)                         = 0
145401 futex(0x758bcb69e72c, FUTEX_WAKE_PRIVATE, 2147483647) = 0
145401 write(2, "pkexec must be setuid root\n", 27) = 27
145401 exit_group(127)                  = ?
145401 +++ exited with 127 +++
